Using pre-set license
Built from '2020.3/staging' branch; Version is '2020.3.16f1 (049d6eca3c44) revision 302446'; Using compiler version '192528614'; Build Type 'Release'
OS: 'Windows 10 Education; OS build 19043.1165; Version 2009; 64bit' Language: 'en' Physical Memory: 15977 MB
BatchMode: 1, IsHumanControllingUs: 0, StartBugReporterOnCrash: 0, Is64bit: 1, IsPro: 0

 COMMAND LINE ARGUMENTS:
D:\installer\Unity\2020.3.16f1\Editor\Unity.exe
-adb2
-batchMode
-noUpm
-name
AssetImportWorker0
-projectPath
D:/Level 1 + Level 2 + Credits Strelba
-logFile
Logs/AssetImportWorker0.log
-srvPort
60525
Successfully changed project path to: D:/Level 1 + Level 2 + Credits Strelba
D:/Level 1 + Level 2 + Credits Strelba
Using Asset Import Pipeline V2.
Refreshing native plugins compatible for Editor in 46.01 ms, found 2 plugins.
Preloading 0 native plugins for Editor in 0.00 ms.
Initialize engine version: 2020.3.16f1 (049d6eca3c44)
[Subsystems] Discovering subsystems at path D:/installer/Unity/2020.3.16f1/Editor/Data/Resources/UnitySubsystems
[Subsystems] Discovering subsystems at path D:/Level 1 + Level 2 + Credits Strelba/Assets
GfxDevice: creating device client; threaded=0
Direct3D:
    Version:  Direct3D 11.0 [level 11.1]
    Renderer: Intel(R) UHD Graphics (ID=0x9b41)
    Vendor:   
    VRAM:     7988 MB
    Driver:   26.20.100.7985
Initialize mono
Mono path[0] = 'D:/installer/Unity/2020.3.16f1/Editor/Data/Managed'
Mono path[1] = 'D:/installer/Unity/2020.3.16f1/Editor/Data/MonoBleedingEdge/lib/mono/unityjit'
Mono config path = 'D:/installer/Unity/2020.3.16f1/Editor/Data/MonoBleedingEdge/etc'
Using monoOptions --debugger-agent=transport=dt_socket,embedding=1,server=y,suspend=n,address=127.0.0.1:56748
Begin MonoManager ReloadAssembly
Registering precompiled unity dll's ...
Register platform support module: D:/installer/Unity/2020.3.16f1/Editor/Data/PlaybackEngines/WindowsStandaloneSupport/UnityEditor.WindowsStandalone.Extensions.dll
Registered in 0.003233 seconds.
Native extension for WindowsStandalone target not found
Refreshing native plugins compatible for Editor in 115.08 ms, found 2 plugins.
Preloading 0 native plugins for Editor in 0.00 ms.
Mono: successfully reloaded assembly
- Completed reload, in  2.436 seconds
Domain Reload Profiling:
	ReloadAssembly (2436ms)
		BeginReloadAssembly (105ms)
			ExecutionOrderSort (0ms)
			DisableScriptedObjects (0ms)
			BackupInstance (0ms)
			ReleaseScriptingObjects (0ms)
			CreateAndSetChildDomain (1ms)
		EndReloadAssembly (1137ms)
			LoadAssemblies (105ms)
			RebuildTransferFunctionScriptingTraits (0ms)
			SetupTypeCache (444ms)
			ReleaseScriptCaches (0ms)
			RebuildScriptCaches (87ms)
			SetupLoadedEditorAssemblies (455ms)
				LogAssemblyErrors (0ms)
				InitializePlatformSupportModulesInManaged (11ms)
				SetLoadedEditorAssemblies (1ms)
				RefreshPlugins (115ms)
				BeforeProcessingInitializeOnLoad (21ms)
				ProcessInitializeOnLoadAttributes (237ms)
				ProcessInitializeOnLoadMethodAttributes (69ms)
				AfterProcessingInitializeOnLoad (0ms)
				EditorAssembliesLoaded (1ms)
			ExecutionOrderSort2 (0ms)
			AwakeInstancesAfterBackupRestoration (0ms)
Platform modules already initialized, skipping
Registering precompiled user dll's ...
Registered in 0.010013 seconds.
Begin MonoManager ReloadAssembly
Native extension for WindowsStandalone target not found
Refreshing native plugins compatible for Editor in 0.88 ms, found 2 plugins.
Preloading 0 native plugins for Editor in 0.00 ms.
Mono: successfully reloaded assembly
- Completed reload, in  2.618 seconds
Domain Reload Profiling:
	ReloadAssembly (2619ms)
		BeginReloadAssembly (409ms)
			ExecutionOrderSort (0ms)
			DisableScriptedObjects (12ms)
			BackupInstance (0ms)
			ReleaseScriptingObjects (0ms)
			CreateAndSetChildDomain (48ms)
		EndReloadAssembly (2070ms)
			LoadAssemblies (231ms)
			RebuildTransferFunctionScriptingTraits (0ms)
			SetupTypeCache (660ms)
			ReleaseScriptCaches (1ms)
			RebuildScriptCaches (120ms)
			SetupLoadedEditorAssemblies (879ms)
				LogAssemblyErrors (0ms)
				InitializePlatformSupportModulesInManaged (10ms)
				SetLoadedEditorAssemblies (1ms)
				RefreshPlugins (1ms)
				BeforeProcessingInitializeOnLoad (137ms)
				ProcessInitializeOnLoadAttributes (706ms)
				ProcessInitializeOnLoadMethodAttributes (20ms)
				AfterProcessingInitializeOnLoad (5ms)
				EditorAssembliesLoaded (0ms)
			ExecutionOrderSort2 (0ms)
			AwakeInstancesAfterBackupRestoration (14ms)
Platform modules already initialized, skipping
========================================================================
Worker process is ready to serve import requests
Launched and connected shader compiler UnityShaderCompiler.exe after 0.09 seconds
Refreshing native plugins compatible for Editor in 1.26 ms, found 2 plugins.
Preloading 0 native plugins for Editor in 0.00 ms.
Unloading 1852 Unused Serialized files (Serialized files now loaded: 0)
System memory in use before: 82.2 MB.
System memory in use after: 82.3 MB.

Unloading 41 unused Assets to reduce memory usage. Loaded Objects now: 2274.
Total: 7.398400 ms (FindLiveObjects: 0.368500 ms CreateObjectMapping: 0.172500 ms MarkObjects: 6.790000 ms  DeleteObjects: 0.065100 ms)

AssetImportParameters requested are different than current active one (requested -> active):
  custom:framework-win-MediaFoundation: 216162199b28c13a410421893ffa2e32 -> 
  custom:video-decoder-ogg-theora: a1e56fd34408186e4bbccfd4996cb3dc -> 
  custom:container-muxer-webm: aa71ff27fc2769a1b78a27578f13a17b -> 
  custom:container-demuxer-webm: 4f35f7cbe854078d1ac9338744f61a02 -> 
  custom:container-demuxer-ogg: 62fdf1f143b41e24485cea50d1cbac27 -> 
  custom:video-encoder-webm-vp8: eb34c28f22e8b96e1ab97ce403110664 -> 
  custom:video-decoder-webm-vp8: 9c59270c3fd7afecdb556c50c9e8de78 -> 
  custom:audio-decoder-ogg-vorbis: bf7c407c2cedff20999df2af8eb42d56 -> 
  custom:audio-encoder-webm-vorbis: bf7c407c2cedff20999df2af8eb42d56 -> 
========================================================================
Received Import Request.
  path: Assets/Creator Kit - RPG/Scenes/Level 1.unity
  artifactKey: Guid(7b5027aff9a9fda4e85ffe3e42c313cf) Importer(815301076,1909f56bfc062723c751e8b465ee728b)
Start importing Assets/Creator Kit - RPG/Scenes/Level 1.unity using Guid(7b5027aff9a9fda4e85ffe3e42c313cf) Importer(815301076,1909f56bfc062723c751e8b465ee728b)  -> (artifact id: '4becdb6d4d20d25f05085bf0f1a9b3fc') in 0.028400 seconds 
  Import took 0.035402 seconds .

========================================================================
Received Import Request.
  Time since last request: 32.671328 seconds.
  path: Assets/Creator Kit - RPG/Scripts/Gameplay/Quest.cs
  artifactKey: Guid(450b86d94d0b945a48b3ba1ce41dcc52) Importer(815301076,1909f56bfc062723c751e8b465ee728b)
Start importing Assets/Creator Kit - RPG/Scripts/Gameplay/Quest.cs using Guid(450b86d94d0b945a48b3ba1ce41dcc52) Importer(815301076,1909f56bfc062723c751e8b465ee728b)  -> (artifact id: 'f3ee0988b5cd4ad9d579605774a25f15') in 0.037140 seconds 
  Import took 0.044342 seconds .

========================================================================
Received Import Request.
  Time since last request: 63.067312 seconds.
  path: Assets/Gizmos/inventory.png
  artifactKey: Guid(fededb281bf6f46fb97ffbbe88876145) Importer(815301076,1909f56bfc062723c751e8b465ee728b)
Start importing Assets/Gizmos/inventory.png using Guid(fededb281bf6f46fb97ffbbe88876145) Importer(815301076,1909f56bfc062723c751e8b465ee728b)  -> (artifact id: 'a11de2eca8e6894c7ce9199a77283066') in 0.122660 seconds 
  Import took 0.128021 seconds .

========================================================================
Received Import Request.
  Time since last request: 8.702965 seconds.
  path: Assets/Creator Kit - RPG/Editor/InventoryItemSearchDialog.cs
  artifactKey: Guid(4a05ecfa7150a4b3299a4b6531b6dd0e) Importer(815301076,1909f56bfc062723c751e8b465ee728b)
Start importing Assets/Creator Kit - RPG/Editor/InventoryItemSearchDialog.cs using Guid(4a05ecfa7150a4b3299a4b6531b6dd0e) Importer(815301076,1909f56bfc062723c751e8b465ee728b)  -> (artifact id: '0587924d610437de8497767f468dc41b') in 0.002504 seconds 
  Import took 0.006609 seconds .

========================================================================
Received Import Request.
  Time since last request: 0.001898 seconds.
  path: Assets/Creator Kit - RPG/Editor/InventoryItemSearchDialog.cs
  artifactKey: Guid(4a05ecfa7150a4b3299a4b6531b6dd0e) Importer(815301076,1909f56bfc062723c751e8b465ee728b)
Start importing Assets/Creator Kit - RPG/Editor/InventoryItemSearchDialog.cs using Guid(4a05ecfa7150a4b3299a4b6531b6dd0e) Importer(815301076,1909f56bfc062723c751e8b465ee728b)  -> (artifact id: '0587924d610437de8497767f468dc41b') in 0.002356 seconds 
  Import took 0.006803 seconds .

========================================================================
Received Import Request.
  Time since last request: 91.144400 seconds.
  path: Assets/Creator Kit - RPG/Scenes/StartMenu.unity
  artifactKey: Guid(2cda990e2423bbf4892e6590ba056729) Importer(815301076,1909f56bfc062723c751e8b465ee728b)
Start importing Assets/Creator Kit - RPG/Scenes/StartMenu.unity using Guid(2cda990e2423bbf4892e6590ba056729) Importer(815301076,1909f56bfc062723c751e8b465ee728b)  -> (artifact id: 'd875da3da766b802c47cfec1dccf612f') in 0.002022 seconds 
  Import took 0.005548 seconds .

AssetImportWorkerClient::OnTransportError - code=2 error=End of file
